==47888== Memcheck, a memory error detector
==47888== Copyright (C) 2002-2022, and GNU GPL'd, by Julian Seward et al.
==47888== Using Valgrind-3.20.0 and LibVEX; rerun with -h for copyright info
==47888== Command: ./pipex file1.txt cati cat ls file2.txt
==47888== Parent PID: 41647
==47888== 
==47916== 
==47916== FILE DESCRIPTORS: 5 open (3 std) at exit.
==47916== Open file descriptor 5: file2.txt
==47916==    at 0x4CFCF35: open (open64.c:41)
==47916==    by 0x402077: get_files (in /home/aurel/Documents/CLionProjects/Pipex/exec_bonus/pipex)
==47916==    by 0x401454: init_struct_values (in /home/aurel/Documents/CLionProjects/Pipex/exec_bonus/pipex)
==47916==    by 0x4016A4: main (in /home/aurel/Documents/CLionProjects/Pipex/exec_bonus/pipex)
==47916== 
==47916== Open file descriptor 3: /home/aurel/Documents/CLionProjects/Pipex/exec_bonus/valgrind.log
==47916==    <inherited from parent>
==47916== 
==47916== 
==47916== HEAP SUMMARY:
==47916==     in use at exit: 704 bytes in 31 blocks
==47916==   total heap usage: 83 allocs, 52 frees, 2,230 bytes allocated
==47916== 
==47916== 5 bytes in 1 blocks are still reachable in loss record 1 of 11
==47916==    at 0x4E050C5: malloc (vg_replace_malloc.c:393)
==47916==    by 0x402B2E: ft_strdup (in /home/aurel/Documents/CLionProjects/Pipex/exec_bonus/pipex)
==47916==    by 0x40271D: fix_null_path (in /home/aurel/Documents/CLionProjects/Pipex/exec_bonus/pipex)
==47916==    by 0x401E3D: get_cmd_paths (in /home/aurel/Documents/CLionProjects/Pipex/exec_bonus/pipex)
==47916==    by 0x401482: init_struct_values (in /home/aurel/Documents/CLionProjects/Pipex/exec_bonus/pipex)
==47916==    by 0x4016A4: main (in /home/aurel/Documents/CLionProjects/Pipex/exec_bonus/pipex)
==47916== 
==47916== 12 bytes in 3 blocks are still reachable in loss record 2 of 11
==47916==    at 0x4E050C5: malloc (vg_replace_malloc.c:393)
==47916==    by 0x402B2E: ft_strdup (in /home/aurel/Documents/CLionProjects/Pipex/exec_bonus/pipex)
==47916==    by 0x401F27: get_cmds (in /home/aurel/Documents/CLionProjects/Pipex/exec_bonus/pipex)
==47916==    by 0x401425: init_struct_values (in /home/aurel/Documents/CLionProjects/Pipex/exec_bonus/pipex)
==47916==    by 0x4016A4: main (in /home/aurel/Documents/CLionProjects/Pipex/exec_bonus/pipex)
==47916== 
==47916== 12 bytes in 3 blocks are still reachable in loss record 3 of 11
==47916==    at 0x4E050C5: malloc (vg_replace_malloc.c:393)
==47916==    by 0x402F85: ft_substr (in /home/aurel/Documents/CLionProjects/Pipex/exec_bonus/pipex)
==47916==    by 0x402D1D: ft_count_and_fill (in /home/aurel/Documents/CLionProjects/Pipex/exec_bonus/pipex)
==47916==    by 0x402EF9: ft_split (in /home/aurel/Documents/CLionProjects/Pipex/exec_bonus/pipex)
==47916==    by 0x4021A4: get_cmds_args (in /home/aurel/Documents/CLionProjects/Pipex/exec_bonus/pipex)
==47916==    by 0x40143B: init_struct_values (in /home/aurel/Documents/CLionProjects/Pipex/exec_bonus/pipex)
==47916==    by 0x4016A4: main (in /home/aurel/Documents/CLionProjects/Pipex/exec_bonus/pipex)
==47916== 
==47916== 24 bytes in 1 blocks are still reachable in loss record 4 of 11
==47916==    at 0x4E050C5: malloc (vg_replace_malloc.c:393)
==47916==    by 0x402131: get_cmds_args (in /home/aurel/Documents/CLionProjects/Pipex/exec_bonus/pipex)
==47916==    by 0x40143B: init_struct_values (in /home/aurel/Documents/CLionProjects/Pipex/exec_bonus/pipex)
==47916==    by 0x4016A4: main (in /home/aurel/Documents/CLionProjects/Pipex/exec_bonus/pipex)
==47916== 
==47916== 25 bytes in 2 blocks are still reachable in loss record 5 of 11
==47916==    at 0x4E050C5: malloc (vg_replace_malloc.c:393)
==47916==    by 0x402ABB: ft_strjoin (in /home/aurel/Documents/CLionProjects/Pipex/exec_bonus/pipex)
==47916==    by 0x4025E8: get_path_if_access (in /home/aurel/Documents/CLionProjects/Pipex/exec_bonus/pipex)
==47916==    by 0x401E09: get_cmd_paths (in /home/aurel/Documents/CLionProjects/Pipex/exec_bonus/pipex)
==47916==    by 0x401482: init_struct_values (in /home/aurel/Documents/CLionProjects/Pipex/exec_bonus/pipex)
==47916==    by 0x4016A4: main (in /home/aurel/Documents/CLionProjects/Pipex/exec_bonus/pipex)
==47916== 
==47916== 32 bytes in 1 blocks are still reachable in loss record 6 of 11
==47916==    at 0x4E050C5: malloc (vg_replace_malloc.c:393)
==47916==    by 0x4028EC: ft_calloc (in /home/aurel/Documents/CLionProjects/Pipex/exec_bonus/pipex)
==47916==    by 0x401379: init_struct_values (in /home/aurel/Documents/CLionProjects/Pipex/exec_bonus/pipex)
==47916==    by 0x4016A4: main (in /home/aurel/Documents/CLionProjects/Pipex/exec_bonus/pipex)
==47916== 
==47916== 32 bytes in 1 blocks are still reachable in loss record 7 of 11
==47916==    at 0x4E050C5: malloc (vg_replace_malloc.c:393)
==47916==    by 0x4028EC: ft_calloc (in /home/aurel/Documents/CLionProjects/Pipex/exec_bonus/pipex)
==47916==    by 0x4013CE: init_struct_values (in /home/aurel/Documents/CLionProjects/Pipex/exec_bonus/pipex)
==47916==    by 0x4016A4: main (in /home/aurel/Documents/CLionProjects/Pipex/exec_bonus/pipex)
==47916== 
==47916== 48 bytes in 3 blocks are still reachable in loss record 8 of 11
==47916==    at 0x4E050C5: malloc (vg_replace_malloc.c:393)
==47916==    by 0x4028EC: ft_calloc (in /home/aurel/Documents/CLionProjects/Pipex/exec_bonus/pipex)
==47916==    by 0x402EC6: ft_split (in /home/aurel/Documents/CLionProjects/Pipex/exec_bonus/pipex)
==47916==    by 0x4021A4: get_cmds_args (in /home/aurel/Documents/CLionProjects/Pipex/exec_bonus/pipex)
==47916==    by 0x40143B: init_struct_values (in /home/aurel/Documents/CLionProjects/Pipex/exec_bonus/pipex)
==47916==    by 0x4016A4: main (in /home/aurel/Documents/CLionProjects/Pipex/exec_bonus/pipex)
==47916== 
==47916== 80 bytes in 1 blocks are still reachable in loss record 9 of 11
==47916==    at 0x4E050C5: malloc (vg_replace_malloc.c:393)
==47916==    by 0x401227: check_here_doc (in /home/aurel/Documents/CLionProjects/Pipex/exec_bonus/pipex)
==47916==    by 0x401670: main (in /home/aurel/Documents/CLionProjects/Pipex/exec_bonus/pipex)
==47916== 
==47916== 120 bytes in 1 blocks are still reachable in loss record 10 of 11
==47916==    at 0x4E050C5: malloc (vg_replace_malloc.c:393)
==47916==    by 0x4028EC: ft_calloc (in /home/aurel/Documents/CLionProjects/Pipex/exec_bonus/pipex)
==47916==    by 0x401CD9: get_full_path (in /home/aurel/Documents/CLionProjects/Pipex/exec_bonus/pipex)
==47916==    by 0x401463: init_struct_values (in /home/aurel/Documents/CLionProjects/Pipex/exec_bonus/pipex)
==47916==    by 0x4016A4: main (in /home/aurel/Documents/CLionProjects/Pipex/exec_bonus/pipex)
==47916== 
==47916== 314 bytes in 14 blocks are still reachable in loss record 11 of 11
==47916==    at 0x4E050C5: malloc (vg_replace_malloc.c:393)
==47916==    by 0x402ABB: ft_strjoin (in /home/aurel/Documents/CLionProjects/Pipex/exec_bonus/pipex)
==47916==    by 0x401D52: get_full_path (in /home/aurel/Documents/CLionProjects/Pipex/exec_bonus/pipex)
==47916==    by 0x401463: init_struct_values (in /home/aurel/Documents/CLionProjects/Pipex/exec_bonus/pipex)
==47916==    by 0x4016A4: main (in /home/aurel/Documents/CLionProjects/Pipex/exec_bonus/pipex)
==47916== 
==47916== LEAK SUMMARY:
==47916==    definitely lost: 0 bytes in 0 blocks
==47916==    indirectly lost: 0 bytes in 0 blocks
==47916==      possibly lost: 0 bytes in 0 blocks
==47916==    still reachable: 704 bytes in 31 blocks
==47916==         suppressed: 0 bytes in 0 blocks
==47916== 
==47916== For lists of detected and suppressed errors, rerun with: -s
==47916== ERROR SUMMARY: 0 errors from 0 contexts (suppressed: 0 from 0)
==47888== 
==47888== FILE DESCRIPTORS: 3 open (2 std) at exit.
==47888== Open file descriptor 3: /home/aurel/Documents/CLionProjects/Pipex/exec_bonus/valgrind.log
==47888==    <inherited from parent>
==47888== 
==47888== 
==47888== HEAP SUMMARY:
==47888==     in use at exit: 0 bytes in 0 blocks
==47888==   total heap usage: 83 allocs, 83 frees, 2,230 bytes allocated
==47888== 
==47888== All heap blocks were freed -- no leaks are possible
==47888== 
==47888== For lists of detected and suppressed errors, rerun with: -s
==47888== ERROR SUMMARY: 0 errors from 0 contexts (suppressed: 0 from 0)
